[debug] [2023-03-16T15:25:24.413Z] ----------------------------------------------------------------------
[debug] [2023-03-16T15:25:24.415Z] Command:       /home/philippehenrisaade/.config/nvm/versions/node/v19.6.1/bin/node /home/philippehenrisaade/.config/nvm/versions/node/v19.6.1/bin/firebase emulators:start --only functions
[debug] [2023-03-16T15:25:24.416Z] CLI Version:   11.24.1
[debug] [2023-03-16T15:25:24.416Z] Platform:      linux
[debug] [2023-03-16T15:25:24.416Z] Node Version:  v19.6.1
[debug] [2023-03-16T15:25:24.416Z] Time:          Thu Mar 16 2023 16:25:24 GMT+0100 (Central European Standard Time)
[debug] [2023-03-16T15:25:24.417Z] ----------------------------------------------------------------------
[debug] 
[debug] [2023-03-16T15:25:24.493Z] > command requires scopes: ["email","openid","https://www.googleapis.com/auth/cloudplatformprojects.readonly","https://www.googleapis.com/auth/firebase","https://www.googleapis.com/auth/cloud-platform"]
[debug] [2023-03-16T15:25:24.494Z] > authorizing via signed-in user (philippe.henri.saade@gmail.com)
[info] i  emulators: Starting emulators: functions {"metadata":{"emulator":{"name":"hub"},"message":"Starting emulators: functions"}}
[debug] [2023-03-16T15:25:24.502Z] [logging] Logging Emulator only supports listening on one address (127.0.0.1). Not listening on ::1
[debug] [2023-03-16T15:25:24.503Z] assigned listening specs for emulators {"user":{"hub":[{"address":"127.0.0.1","family":"IPv4","port":4400},{"address":"::1","family":"IPv6","port":4400}],"ui":[{"address":"127.0.0.1","family":"IPv4","port":4000},{"address":"::1","family":"IPv6","port":4000}],"logging":[{"address":"127.0.0.1","family":"IPv4","port":4500}]},"metadata":{"message":"assigned listening specs for emulators"}}
[debug] [2023-03-16T15:25:24.508Z] [hub] writing locator at /tmp/hub-control-meme-67c47.json
[debug] [2023-03-16T15:25:24.522Z] [functions] Functions Emulator only supports listening on one address (127.0.0.1). Not listening on ::1
[debug] [2023-03-16T15:25:24.522Z] [eventarc] Eventarc Emulator only supports listening on one address (127.0.0.1). Not listening on ::1
[debug] [2023-03-16T15:25:24.522Z] late-assigned ports for functions and eventarc emulators {"user":{"hub":[{"address":"127.0.0.1","family":"IPv4","port":4400},{"address":"::1","family":"IPv6","port":4400}],"ui":[{"address":"127.0.0.1","family":"IPv4","port":4000},{"address":"::1","family":"IPv6","port":4000}],"logging":[{"address":"127.0.0.1","family":"IPv4","port":4500}],"functions":[{"address":"127.0.0.1","family":"IPv4","port":5001}],"eventarc":[{"address":"127.0.0.1","family":"IPv4","port":9299}]},"metadata":{"message":"late-assigned ports for functions and eventarc emulators"}}
[warn] ⚠  functions: The following emulators are not running, calls to these services from the Functions emulator will affect production: auth, firestore, database, hosting, pubsub, storage {"metadata":{"emulator":{"name":"functions"},"message":"The following emulators are not running, calls to these services from the Functions emulator will affect production: \u001b[1mauth, firestore, database, hosting, pubsub, storage\u001b[22m"}}
[debug] [2023-03-16T15:25:24.525Z] defaultcredentials: writing to file /home/philippehenrisaade/.config/firebase/philippe_henri.saade_gmail.com_application_default_credentials.json
[debug] [2023-03-16T15:25:24.549Z] Setting GAC to /home/philippehenrisaade/.config/firebase/philippe_henri.saade_gmail.com_application_default_credentials.json {"metadata":{"emulator":{"name":"functions"},"message":"Setting GAC to /home/philippehenrisaade/.config/firebase/philippe_henri.saade_gmail.com_application_default_credentials.json"}}
[debug] [2023-03-16T15:25:24.552Z] > refreshing access token with scopes: []
[debug] [2023-03-16T15:25:24.556Z] >>> [apiv2][query] POST https://www.googleapis.com/oauth2/v3/token [none]
[debug] [2023-03-16T15:25:24.557Z] >>> [apiv2][body] POST https://www.googleapis.com/oauth2/v3/token [omitted]
[debug] [2023-03-16T15:27:34.564Z] Failed to get Admin SDK config for control-meme-67c47, falling back to cacheFailed to get Admin SDK for Firebase project control-meme-67c47. Please make sure the project exists and your account has permission to access it. {"name":"FirebaseError","children":[],"exit":2,"message":"Failed to get Admin SDK for Firebase project control-meme-67c47. Please make sure the project exists and your account has permission to access it.","original":{"name":"FirebaseError","children":[],"exit":1,"message":"Authentication Error: Your credentials are no longer valid. Please run \u001b[1mfirebase login --reauth\u001b[22m\n\nFor CI servers and headless environments, generate a new token with \u001b[1mfirebase login:ci\u001b[22m","status":500},"status":500}
[debug] [2023-03-16T15:27:34.576Z] Ignoring unsupported arg: auto_download {"metadata":{"emulator":{"name":"ui"},"message":"Ignoring unsupported arg: auto_download"}}
[debug] [2023-03-16T15:27:34.577Z] Ignoring unsupported arg: port {"metadata":{"emulator":{"name":"ui"},"message":"Ignoring unsupported arg: port"}}
[debug] [2023-03-16T15:27:34.577Z] Starting Emulator UI with command {"binary":"node","args":["/home/philippehenrisaade/.cache/firebase/emulators/ui-v1.11.4/server/server.js"],"optionalArgs":[],"joinArgs":false} {"metadata":{"emulator":{"name":"ui"},"message":"Starting Emulator UI with command {\"binary\":\"node\",\"args\":[\"/home/philippehenrisaade/.cache/firebase/emulators/ui-v1.11.4/server/server.js\"],\"optionalArgs\":[],\"joinArgs\":false}"}}
[info] i  ui: Emulator UI logging to ui-debug.log {"metadata":{"emulator":{"name":"ui"},"message":"Emulator UI logging to \u001b[1mui-debug.log\u001b[22m"}}
[debug] [2023-03-16T15:27:34.701Z] Web / API server started at 127.0.0.1:4000
 {"metadata":{"emulator":{"name":"ui"},"message":"Web / API server started at 127.0.0.1:4000\n"}}
[debug] [2023-03-16T15:27:34.702Z] Web / API server started at ::1:4000
 {"metadata":{"emulator":{"name":"ui"},"message":"Web / API server started at ::1:4000\n"}}
[info] i  functions: Watching "/home/philippehenrisaade/control-meme-front/functions" for Cloud Functions... {"metadata":{"emulator":{"name":"functions"},"message":"Watching \"/home/philippehenrisaade/control-meme-front/functions\" for Cloud Functions..."}}
[debug] [2023-03-16T15:27:34.850Z] Validating nodejs source
[debug] [2023-03-16T15:27:44.877Z] checkFunctionsSDKVersion was unable to fetch information from NPM Error: spawnSync npm ETIMEDOUT
    at Object.spawnSync (node:internal/child_process:1117:20)
    at Object.spawnSync (node:child_process:871:24)
    at Function.spawnSync [as sync] (/home/philippehenrisaade/.config/nvm/versions/node/v19.6.1/lib/node_modules/firebase-tools/node_modules/cross-spawn/index.js:26:23)
    at Object.getLatestSDKVersion (/home/philippehenrisaade/.config/nvm/versions/node/v19.6.1/lib/node_modules/firebase-tools/lib/deploy/functions/runtimes/node/versioning.js:55:25)
    at Object.checkFunctionsSDKVersion (/home/philippehenrisaade/.config/nvm/versions/node/v19.6.1/lib/node_modules/firebase-tools/lib/deploy/functions/runtimes/node/versioning.js:76:32)
    at Delegate.validate (/home/philippehenrisaade/.config/nvm/versions/node/v19.6.1/lib/node_modules/firebase-tools/lib/deploy/functions/runtimes/node/index.js:84:20)
    at FunctionsEmulator.discoverTriggers (/home/philippehenrisaade/.config/nvm/versions/node/v19.6.1/lib/node_modules/firebase-tools/lib/emulator/functionsEmulator.js:291:35)
    at async FunctionsEmulator.loadTriggers (/home/philippehenrisaade/.config/nvm/versions/node/v19.6.1/lib/node_modules/firebase-tools/lib/emulator/functionsEmulator.js:320:34)
    at async FunctionsEmulator.connect (/home/philippehenrisaade/.config/nvm/versions/node/v19.6.1/lib/node_modules/firebase-tools/lib/emulator/functionsEmulator.js:257:13)
    at async Object.startAll (/home/philippehenrisaade/.config/nvm/versions/node/v19.6.1/lib/node_modules/firebase-tools/lib/emulator/controller.js:547:13)
    at async /home/philippehenrisaade/.config/nvm/versions/node/v19.6.1/lib/node_modules/firebase-tools/lib/commands/emulators-start.js:32:43
[debug] [2023-03-16T15:27:44.881Z] > [functions] package.json contents: {
  "name": "functions",
  "description": "Cloud Functions for Firebase",
  "scripts": {
    "lint": "eslint .",
    "serve": "firebase emulators:start --only functions",
    "shell": "firebase functions:shell",
    "start": "npm run shell",
    "deploy": "firebase deploy --only functions",
    "logs": "firebase functions:log"
  },
  "engines": {
    "node": "16"
  },
  "main": "index.js",
  "dependencies": {
    "firebase-admin": "^11.5.0",
    "firebase-functions": "^4.2.0"
  },
  "devDependencies": {
    "eslint": "^8.15.0",
    "eslint-config-google": "^0.14.0",
    "firebase-functions-test": "^3.0.0"
  },
  "private": true
}
[debug] [2023-03-16T15:27:44.882Z] Building nodejs source
[debug] [2023-03-16T15:27:44.885Z] Failed to find version of module node: reached end of search path /home/philippehenrisaade/control-meme-front/functions/node_modules
[warn] ⚠  functions: Your requested "node" version "16" doesn't match your global version "19". Using node@19 from host. 
[debug] [2023-03-16T15:27:44.899Z] Could not find functions.yaml. Must use http discovery
[debug] [2023-03-16T15:27:44.921Z] Found firebase-functions binary at '/home/philippehenrisaade/control-meme-front/functions/node_modules/.bin/firebase-functions'
[debug] [2023-03-16T15:27:45.139Z] Serving at port 8605

[debug] [2023-03-16T15:27:45.326Z] reloaded

[debug] [2023-03-16T15:27:45.333Z] Got response from /__/functions.yaml {"endpoints":{"upvoteVariation":{"platform":"gcfv1","availableMemoryMb":null,"timeoutSeconds":null,"minInstances":null,"maxInstances":null,"ingressSettings":null,"serviceAccountEmail":null,"vpc":null,"httpsTrigger":{},"entryPoint":"upvoteVariation"}},"specVersion":"v1alpha1","requiredAPIs":[]}
[debug] [2023-03-16T15:27:45.340Z] shutdown requested via /__/quitquitquit

[info] ✔  functions: Loaded functions definitions from source: upvoteVariation. {"metadata":{"emulator":{"name":"functions"},"message":"Loaded functions definitions from source: upvoteVariation."}}
[info] ✔  functions[us-central1-upvoteVariation]: http function initialized (http://127.0.0.1:5001/control-meme-67c47/us-central1/upvoteVariation). {"metadata":{"emulator":{"name":"functions"},"message":"\u001b[1mhttp\u001b[22m function initialized (http://127.0.0.1:5001/control-meme-67c47/us-central1/upvoteVariation)."}}
[info] 
┌─────────────────────────────────────────────────────────────┐
│ ✔  All emulators ready! It is now safe to connect your app. │
│ i  View Emulator UI at http://127.0.0.1:4000/               │
└─────────────────────────────────────────────────────────────┘

┌───────────┬────────────────┬─────────────────────────────────┐
│ Emulator  │ Host:Port      │ View in Emulator UI             │
├───────────┼────────────────┼─────────────────────────────────┤
│ Functions │ 127.0.0.1:5001 │ http://127.0.0.1:4000/functions │
└───────────┴────────────────┴─────────────────────────────────┘
  Emulator Hub running at 127.0.0.1:4400
  Other reserved ports: 4500

Issues? Report them at https://github.com/firebase/firebase-tools/issues and attach the *-debug.log files.
 
[debug] [2023-03-16T15:28:26.847Z] [work-queue] {"queuedWork":["/control-meme-67c47/us-central1/upvoteVariation-2023-03-16T15:28:26.846Z"],"queueLength":1,"runningWork":[],"workRunningCount":0}
[debug] [2023-03-16T15:28:26.848Z] [work-queue] {"queuedWork":[],"queueLength":0,"runningWork":["/control-meme-67c47/us-central1/upvoteVariation-2023-03-16T15:28:26.846Z"],"workRunningCount":1}
[debug] [2023-03-16T15:28:26.850Z] Accepted request OPTIONS /control-meme-67c47/us-central1/upvoteVariation?variationId=ENkHAqxqLCWVtNKSzvnI --> us-central1-upvoteVariation
[debug] [2023-03-16T15:28:26.851Z] [functions] Runtime ready! Sending request! {"metadata":{"emulator":{"name":"functions"},"message":"[functions] Runtime ready! Sending request!"}}
[debug] [2023-03-16T15:28:26.854Z] [functions] Got req.url=/control-meme-67c47/us-central1/upvoteVariation?variationId=ENkHAqxqLCWVtNKSzvnI, mapping to path=/?variationId=ENkHAqxqLCWVtNKSzvnI {"metadata":{"emulator":{"name":"functions"},"message":"[functions] Got req.url=/control-meme-67c47/us-central1/upvoteVariation?variationId=ENkHAqxqLCWVtNKSzvnI, mapping to path=/?variationId=ENkHAqxqLCWVtNKSzvnI"}}
[debug] [2023-03-16T15:28:26.868Z] [worker-pool] addWorker(us-central1-upvoteVariation) {"metadata":{"emulator":{"name":"functions"},"message":"[worker-pool] addWorker(us-central1-upvoteVariation)"}}
[debug] [2023-03-16T15:28:26.870Z] [worker-pool] Adding worker with key us-central1-upvoteVariation, total=1 {"metadata":{"emulator":{"name":"functions"},"message":"[worker-pool] Adding worker with key us-central1-upvoteVariation, total=1"}}
[debug] [2023-03-16T15:28:27.699Z] [runtime-status] [8045] Resolved module firebase-admin {"declared":true,"installed":true,"version":"11.5.0","resolution":"/home/philippehenrisaade/control-meme-front/functions/node_modules/firebase-admin/lib/index.js"} {"metadata":{"emulator":{"name":"functions"},"function":{"name":"us-central1-upvoteVariation"},"extension":{},"message":"[runtime-status] [8045] Resolved module firebase-admin {\"declared\":true,\"installed\":true,\"version\":\"11.5.0\",\"resolution\":\"/home/philippehenrisaade/control-meme-front/functions/node_modules/firebase-admin/lib/index.js\"}"}}
[debug] [2023-03-16T15:28:27.699Z] [runtime-status] [8045] Resolved module firebase-functions {"declared":true,"installed":true,"version":"4.2.1","resolution":"/home/philippehenrisaade/control-meme-front/functions/node_modules/firebase-functions/lib/v1/index.js"} {"metadata":{"emulator":{"name":"functions"},"function":{"name":"us-central1-upvoteVariation"},"extension":{},"message":"[runtime-status] [8045] Resolved module firebase-functions {\"declared\":true,\"installed\":true,\"version\":\"4.2.1\",\"resolution\":\"/home/philippehenrisaade/control-meme-front/functions/node_modules/firebase-functions/lib/v1/index.js\"}"}}
[debug] [2023-03-16T15:28:27.700Z] [runtime-status] [8045] Outgoing network have been stubbed. [{"name":"http","status":"mocked"},{"name":"http","status":"mocked"},{"name":"https","status":"mocked"},{"name":"https","status":"mocked"},{"name":"net","status":"mocked"}] {"metadata":{"emulator":{"name":"functions"},"function":{"name":"us-central1-upvoteVariation"},"extension":{},"message":"[runtime-status] [8045] Outgoing network have been stubbed. [{\"name\":\"http\",\"status\":\"mocked\"},{\"name\":\"http\",\"status\":\"mocked\"},{\"name\":\"https\",\"status\":\"mocked\"},{\"name\":\"https\",\"status\":\"mocked\"},{\"name\":\"net\",\"status\":\"mocked\"}]"}}
[debug] [2023-03-16T15:28:27.701Z] [runtime-status] [8045] Resolved module firebase-functions {"declared":true,"installed":true,"version":"4.2.1","resolution":"/home/philippehenrisaade/control-meme-front/functions/node_modules/firebase-functions/lib/v1/index.js"} {"metadata":{"emulator":{"name":"functions"},"function":{"name":"us-central1-upvoteVariation"},"extension":{},"message":"[runtime-status] [8045] Resolved module firebase-functions {\"declared\":true,\"installed\":true,\"version\":\"4.2.1\",\"resolution\":\"/home/philippehenrisaade/control-meme-front/functions/node_modules/firebase-functions/lib/v1/index.js\"}"}}
[debug] [2023-03-16T15:28:27.849Z] [runtime-status] [8045] Checked functions.config() {"config":{}} {"metadata":{"emulator":{"name":"functions"},"function":{"name":"us-central1-upvoteVariation"},"extension":{},"message":"[runtime-status] [8045] Checked functions.config() {\"config\":{}}"}}
[debug] [2023-03-16T15:28:27.849Z] [runtime-status] [8045] firebase-functions has been stubbed. {"functionsResolution":{"declared":true,"installed":true,"version":"4.2.1","resolution":"/home/philippehenrisaade/control-meme-front/functions/node_modules/firebase-functions/lib/v1/index.js"}} {"metadata":{"emulator":{"name":"functions"},"function":{"name":"us-central1-upvoteVariation"},"extension":{},"message":"[runtime-status] [8045] firebase-functions has been stubbed. {\"functionsResolution\":{\"declared\":true,\"installed\":true,\"version\":\"4.2.1\",\"resolution\":\"/home/philippehenrisaade/control-meme-front/functions/node_modules/firebase-functions/lib/v1/index.js\"}}"}}
[debug] [2023-03-16T15:28:27.850Z] [runtime-status] [8045] Resolved module firebase-functions {"declared":true,"installed":true,"version":"4.2.1","resolution":"/home/philippehenrisaade/control-meme-front/functions/node_modules/firebase-functions/lib/v1/index.js"} {"metadata":{"emulator":{"name":"functions"},"function":{"name":"us-central1-upvoteVariation"},"extension":{},"message":"[runtime-status] [8045] Resolved module firebase-functions {\"declared\":true,\"installed\":true,\"version\":\"4.2.1\",\"resolution\":\"/home/philippehenrisaade/control-meme-front/functions/node_modules/firebase-functions/lib/v1/index.js\"}"}}
[debug] [2023-03-16T15:28:27.851Z] [runtime-status] [8045] Resolved module firebase-admin {"declared":true,"installed":true,"version":"11.5.0","resolution":"/home/philippehenrisaade/control-meme-front/functions/node_modules/firebase-admin/lib/index.js"} {"metadata":{"emulator":{"name":"functions"},"function":{"name":"us-central1-upvoteVariation"},"extension":{},"message":"[runtime-status] [8045] Resolved module firebase-admin {\"declared\":true,\"installed\":true,\"version\":\"11.5.0\",\"resolution\":\"/home/philippehenrisaade/control-meme-front/functions/node_modules/firebase-admin/lib/index.js\"}"}}
[debug] [2023-03-16T15:28:27.852Z] [runtime-status] [8045] Resolved module firebase-functions {"declared":true,"installed":true,"version":"4.2.1","resolution":"/home/philippehenrisaade/control-meme-front/functions/node_modules/firebase-functions/lib/v1/index.js"} {"metadata":{"emulator":{"name":"functions"},"function":{"name":"us-central1-upvoteVariation"},"extension":{},"message":"[runtime-status] [8045] Resolved module firebase-functions {\"declared\":true,\"installed\":true,\"version\":\"4.2.1\",\"resolution\":\"/home/philippehenrisaade/control-meme-front/functions/node_modules/firebase-functions/lib/v1/index.js\"}"}}
[debug] [2023-03-16T15:28:27.853Z] [runtime-status] [8045] firebase-admin has been stubbed. {"adminResolution":{"declared":true,"installed":true,"version":"11.5.0","resolution":"/home/philippehenrisaade/control-meme-front/functions/node_modules/firebase-admin/lib/index.js"}} {"metadata":{"emulator":{"name":"functions"},"function":{"name":"us-central1-upvoteVariation"},"extension":{},"message":"[runtime-status] [8045] firebase-admin has been stubbed. {\"adminResolution\":{\"declared\":true,\"installed\":true,\"version\":\"11.5.0\",\"resolution\":\"/home/philippehenrisaade/control-meme-front/functions/node_modules/firebase-admin/lib/index.js\"}}"}}
[info] >  reloaded {"user":"reloaded","metadata":{"emulator":{"name":"functions"},"function":{"name":"us-central1-upvoteVariation"},"extension":{},"message":"\u001b[90m> \u001b[39m reloaded"}}
[debug] [2023-03-16T15:28:27.863Z] [runtime-status] [8045] Functions runtime initialized. {"cwd":"/home/philippehenrisaade/control-meme-front/functions","node_version":"19.6.1"} {"metadata":{"emulator":{"name":"functions"},"function":{"name":"us-central1-upvoteVariation"},"extension":{},"message":"[runtime-status] [8045] Functions runtime initialized. {\"cwd\":\"/home/philippehenrisaade/control-meme-front/functions\",\"node_version\":\"19.6.1\"}"}}
[debug] [2023-03-16T15:28:27.863Z] [runtime-status] [8045] Listening to port: /tmp/fire_emu_2a35df0290b07786.sock {"metadata":{"emulator":{"name":"functions"},"function":{"name":"us-central1-upvoteVariation"},"extension":{},"message":"[runtime-status] [8045] Listening to port: /tmp/fire_emu_2a35df0290b07786.sock"}}
[debug] [2023-03-16T15:28:27.888Z] [worker-us-central1-upvoteVariation-1daac03c-7374-4130-8d31-aae6fb85a570]: IDLE {"metadata":{"emulator":{"name":"functions"},"function":{"name":"us-central1-upvoteVariation"},"extension":{},"message":"[worker-us-central1-upvoteVariation-1daac03c-7374-4130-8d31-aae6fb85a570]: IDLE"}}
[debug] [2023-03-16T15:28:27.888Z] [worker-pool] submitRequest(triggerId=us-central1-upvoteVariation) {"metadata":{"emulator":{"name":"functions"},"message":"[worker-pool] submitRequest(triggerId=us-central1-upvoteVariation)"}}
[info] i  functions: Beginning execution of "us-central1-upvoteVariation" {"metadata":{"emulator":{"name":"functions"},"function":{"name":"us-central1-upvoteVariation"},"extension":{},"message":"Beginning execution of \"us-central1-upvoteVariation\""}}
[debug] [2023-03-16T15:28:27.889Z] [worker-us-central1-upvoteVariation-1daac03c-7374-4130-8d31-aae6fb85a570]: BUSY {"metadata":{"emulator":{"name":"functions"},"function":{"name":"us-central1-upvoteVariation"},"extension":{},"message":"[worker-us-central1-upvoteVariation-1daac03c-7374-4130-8d31-aae6fb85a570]: BUSY"}}
[info] i  functions: Finished "us-central1-upvoteVariation" in 7.455492ms {"metadata":{"emulator":{"name":"functions"},"function":{"name":"us-central1-upvoteVariation"},"extension":{},"message":"Finished \"us-central1-upvoteVariation\" in 7.455492ms"}}
[debug] [2023-03-16T15:28:27.897Z] [worker-us-central1-upvoteVariation-1daac03c-7374-4130-8d31-aae6fb85a570]: IDLE {"metadata":{"emulator":{"name":"functions"},"function":{"name":"us-central1-upvoteVariation"},"extension":{},"message":"[worker-us-central1-upvoteVariation-1daac03c-7374-4130-8d31-aae6fb85a570]: IDLE"}}
[debug] [2023-03-16T15:28:27.898Z] [work-queue] {"queuedWork":[],"queueLength":0,"runningWork":[],"workRunningCount":0}
[debug] [2023-03-16T15:28:27.899Z] [work-queue] {"queuedWork":["/control-meme-67c47/us-central1/upvoteVariation-2023-03-16T15:28:27.899Z"],"queueLength":1,"runningWork":[],"workRunningCount":0}
[debug] [2023-03-16T15:28:27.900Z] [work-queue] {"queuedWork":[],"queueLength":0,"runningWork":["/control-meme-67c47/us-central1/upvoteVariation-2023-03-16T15:28:27.899Z"],"workRunningCount":1}
[debug] [2023-03-16T15:28:27.900Z] Accepted request GET /control-meme-67c47/us-central1/upvoteVariation?variationId=ENkHAqxqLCWVtNKSzvnI --> us-central1-upvoteVariation
[debug] [2023-03-16T15:28:27.900Z] [functions] Runtime ready! Sending request! {"metadata":{"emulator":{"name":"functions"},"message":"[functions] Runtime ready! Sending request!"}}
[debug] [2023-03-16T15:28:27.901Z] [functions] Got req.url=/control-meme-67c47/us-central1/upvoteVariation?variationId=ENkHAqxqLCWVtNKSzvnI, mapping to path=/?variationId=ENkHAqxqLCWVtNKSzvnI {"metadata":{"emulator":{"name":"functions"},"message":"[functions] Got req.url=/control-meme-67c47/us-central1/upvoteVariation?variationId=ENkHAqxqLCWVtNKSzvnI, mapping to path=/?variationId=ENkHAqxqLCWVtNKSzvnI"}}
[debug] [2023-03-16T15:28:27.901Z] [worker-pool] submitRequest(triggerId=us-central1-upvoteVariation) {"metadata":{"emulator":{"name":"functions"},"message":"[worker-pool] submitRequest(triggerId=us-central1-upvoteVariation)"}}
[info] i  functions: Beginning execution of "us-central1-upvoteVariation" {"metadata":{"emulator":{"name":"functions"},"function":{"name":"us-central1-upvoteVariation"},"extension":{},"message":"Beginning execution of \"us-central1-upvoteVariation\""}}
[debug] [2023-03-16T15:28:27.901Z] [worker-us-central1-upvoteVariation-1daac03c-7374-4130-8d31-aae6fb85a570]: BUSY {"metadata":{"emulator":{"name":"functions"},"function":{"name":"us-central1-upvoteVariation"},"extension":{},"message":"[worker-us-central1-upvoteVariation-1daac03c-7374-4130-8d31-aae6fb85a570]: BUSY"}}
[info] >  {"structuredData":true,"severity":"INFO","message":"Called upvote"} {"user":{"structuredData":true,"severity":"INFO","message":"Called upvote"},"metadata":{"emulator":{"name":"functions"},"function":{"name":"us-central1-upvoteVariation"},"extension":{},"message":"\u001b[90m> \u001b[39m {\"structuredData\":true,\"severity\":\"INFO\",\"message\":\"Called upvote\"}"}}
[info] >  Found "Authorization" header {"user":"Found \"Authorization\" header","metadata":{"emulator":{"name":"functions"},"function":{"name":"us-central1-upvoteVariation"},"extension":{},"message":"\u001b[90m> \u001b[39m Found \"Authorization\" header"}}
[info] >  idToken eyJhbGciOiJSUzI1NiIsImtpZCI6IjFlOTczZWUwZTE2ZjdlZWY0ZjkyMWQ1MGRjNjFkNzBiMmVmZWZjMTkiLCJ0eXAiOiJKV1QifQ.eyJpc3MiOiJodHRwczovL3NlY3VyZXRva2VuLmdvb2dsZS5jb20vY29udHJvbC1tZW1lLTY3YzQ3IiwiYXVkIjoiY29udHJvbC1tZW1lLTY3YzQ3IiwiYXV0aF90aW1lIjoxNjc4OTc3NzUwLCJ1c2VyX2lkIjoiZENIb1ZyWmswc1dqNEQ5MnZvRmJlVUUwSE94MiIsInN1YiI6ImRDSG9WclprMHNXajREOTJ2b0ZiZVVFMEhPeDIiLCJpYXQiOjE2Nzg5ODA1MDYsImV4cCI6MTY3ODk4NDEwNiwiZW1haWwiOiJmaWxvdWZhY2VAZ21haWwuY29tIiwiZW1haWxfdmVyaWZpZWQiOmZhbHNlLCJmaXJlYmFzZSI6eyJpZGVudGl0aWVzIjp7ImVtYWlsIjpbImZpbG91ZmFjZUBnbWFpbC5jb20iXX0sInNpZ25faW5fcHJvdmlkZXIiOiJwYXNzd29yZCJ9fQ.JWxlkXf0ZF0GIEwp_wh2DnG6hrmm-2M7nEneJQhQBiR7aQfE2Kn2dUByKqP3mUBrLYRKsVh279MZRxE268cSZ1JolS5E_5EV6I1M7QbZ93_X5N_f9zRpdEiwRoheKzS6x6VCY_qi-QXVulAVWNHPEqCmEz6-nZ1a-1IJS5Qrh8gz3EBnTALvI5FXo6owRJCZn1G967BoFYX0YP6MEx7wkjm3L75rQ19h72vbmoyncT8vLcd3PQpaDWPyopVHzNooMlxpZ0c7Xyelauq2aAxQUnH_A7SOzbzNaLFEw667e7KXRljlmeoWaEn272S8augt9xR6Rfif0Zs49H9N0syn8Q {"user":"idToken eyJhbGciOiJSUzI1NiIsImtpZCI6IjFlOTczZWUwZTE2ZjdlZWY0ZjkyMWQ1MGRjNjFkNzBiMmVmZWZjMTkiLCJ0eXAiOiJKV1QifQ.eyJpc3MiOiJodHRwczovL3NlY3VyZXRva2VuLmdvb2dsZS5jb20vY29udHJvbC1tZW1lLTY3YzQ3IiwiYXVkIjoiY29udHJvbC1tZW1lLTY3YzQ3IiwiYXV0aF90aW1lIjoxNjc4OTc3NzUwLCJ1c2VyX2lkIjoiZENIb1ZyWmswc1dqNEQ5MnZvRmJlVUUwSE94MiIsInN1YiI6ImRDSG9WclprMHNXajREOTJ2b0ZiZVVFMEhPeDIiLCJpYXQiOjE2Nzg5ODA1MDYsImV4cCI6MTY3ODk4NDEwNiwiZW1haWwiOiJmaWxvdWZhY2VAZ21haWwuY29tIiwiZW1haWxfdmVyaWZpZWQiOmZhbHNlLCJmaXJlYmFzZSI6eyJpZGVudGl0aWVzIjp7ImVtYWlsIjpbImZpbG91ZmFjZUBnbWFpbC5jb20iXX0sInNpZ25faW5fcHJvdmlkZXIiOiJwYXNzd29yZCJ9fQ.JWxlkXf0ZF0GIEwp_wh2DnG6hrmm-2M7nEneJQhQBiR7aQfE2Kn2dUByKqP3mUBrLYRKsVh279MZRxE268cSZ1JolS5E_5EV6I1M7QbZ93_X5N_f9zRpdEiwRoheKzS6x6VCY_qi-QXVulAVWNHPEqCmEz6-nZ1a-1IJS5Qrh8gz3EBnTALvI5FXo6owRJCZn1G967BoFYX0YP6MEx7wkjm3L75rQ19h72vbmoyncT8vLcd3PQpaDWPyopVHzNooMlxpZ0c7Xyelauq2aAxQUnH_A7SOzbzNaLFEw667e7KXRljlmeoWaEn272S8augt9xR6Rfif0Zs49H9N0syn8Q","metadata":{"emulator":{"name":"functions"},"function":{"name":"us-central1-upvoteVariation"},"extension":{},"message":"\u001b[90m> \u001b[39m idToken eyJhbGciOiJSUzI1NiIsImtpZCI6IjFlOTczZWUwZTE2ZjdlZWY0ZjkyMWQ1MGRjNjFkNzBiMmVmZWZjMTkiLCJ0eXAiOiJKV1QifQ.eyJpc3MiOiJodHRwczovL3NlY3VyZXRva2VuLmdvb2dsZS5jb20vY29udHJvbC1tZW1lLTY3YzQ3IiwiYXVkIjoiY29udHJvbC1tZW1lLTY3YzQ3IiwiYXV0aF90aW1lIjoxNjc4OTc3NzUwLCJ1c2VyX2lkIjoiZENIb1ZyWmswc1dqNEQ5MnZvRmJlVUUwSE94MiIsInN1YiI6ImRDSG9WclprMHNXajREOTJ2b0ZiZVVFMEhPeDIiLCJpYXQiOjE2Nzg5ODA1MDYsImV4cCI6MTY3ODk4NDEwNiwiZW1haWwiOiJmaWxvdWZhY2VAZ21haWwuY29tIiwiZW1haWxfdmVyaWZpZWQiOmZhbHNlLCJmaXJlYmFzZSI6eyJpZGVudGl0aWVzIjp7ImVtYWlsIjpbImZpbG91ZmFjZUBnbWFpbC5jb20iXX0sInNpZ25faW5fcHJvdmlkZXIiOiJwYXNzd29yZCJ9fQ.JWxlkXf0ZF0GIEwp_wh2DnG6hrmm-2M7nEneJQhQBiR7aQfE2Kn2dUByKqP3mUBrLYRKsVh279MZRxE268cSZ1JolS5E_5EV6I1M7QbZ93_X5N_f9zRpdEiwRoheKzS6x6VCY_qi-QXVulAVWNHPEqCmEz6-nZ1a-1IJS5Qrh8gz3EBnTALvI5FXo6owRJCZn1G967BoFYX0YP6MEx7wkjm3L75rQ19h72vbmoyncT8vLcd3PQpaDWPyopVHzNooMlxpZ0c7Xyelauq2aAxQUnH_A7SOzbzNaLFEw667e7KXRljlmeoWaEn272S8augt9xR6Rfif0Zs49H9N0syn8Q"}}
[info] >  before verify {"user":"before verify","metadata":{"emulator":{"name":"functions"},"function":{"name":"us-central1-upvoteVariation"},"extension":{},"message":"\u001b[90m> \u001b[39m before verify"}}
[error] i  Your function timed out after ~60s. To configure this timeout, see
      https://firebase.google.com/docs/functions/manage-functions#set_timeout_and_memory_allocation. {"metadata":{"emulator":{"name":"functions"},"function":{"name":"us-central1-upvoteVariation"},"extension":{},"message":"Your function timed out after ~60s. To configure this timeout, see\n      https://firebase.google.com/docs/functions/manage-functions#set_timeout_and_memory_allocation."}}
[error] i  Request to function failed: Error: socket hang up {"metadata":{"emulator":{"name":"functions"},"function":{"name":"us-central1-upvoteVariation"},"extension":{},"message":"Request to function failed: Error: socket hang up"}}
[debug] [2023-03-16T15:29:27.912Z] [work-queue] {"queuedWork":[],"queueLength":0,"runningWork":[],"workRunningCount":0}
[debug] [2023-03-16T15:29:27.928Z] [worker-us-central1-upvoteVariation-1daac03c-7374-4130-8d31-aae6fb85a570]: exited {"metadata":{"emulator":{"name":"functions"},"function":{"name":"us-central1-upvoteVariation"},"extension":{},"message":"[worker-us-central1-upvoteVariation-1daac03c-7374-4130-8d31-aae6fb85a570]: exited"}}
[debug] [2023-03-16T15:29:27.929Z] [worker-us-central1-upvoteVariation-1daac03c-7374-4130-8d31-aae6fb85a570]: FINISHED {"metadata":{"emulator":{"name":"functions"},"function":{"name":"us-central1-upvoteVariation"},"extension":{},"message":"[worker-us-central1-upvoteVariation-1daac03c-7374-4130-8d31-aae6fb85a570]: FINISHED"}}
